<?xml version="1.0" encoding="UTF-8"?>
<robot generator="Robot 7.3.1 (Python 3.13.5 on win32)" generated="2025-07-09T15:48:57.475276" rpa="false" schemaversion="5">
<suite id="s1" name="Teste2" source="C:\Users\Ale e Cla\Documents\robot-framework-web\teste2.robot">
<test id="s1-t1" name="Cenário 1: Acessando o site do Robot" line="46">
<kw name="Abrir site">
<kw name="Open Browser" owner="SeleniumLibrary">
<msg time="2025-07-09T15:48:57.597584" level="INFO">Opening browser 'chrome' to base url 'https://automationpratice.com.br/'.</msg>
<arg>${SITE_URL}</arg>
<arg>chrome</arg>
<doc>Opens a new browser instance to the optional ``url``.</doc>
<status status="PASS" start="2025-07-09T15:48:57.597419" elapsed="1.471511"/>
</kw>
<kw name="Esperar elemento">
<kw name="Set Selenium Implicit Wait" owner="SeleniumLibrary">
<arg>${tempo}s</arg>
<doc>Sets the implicit wait value used by Selenium.</doc>
<status status="PASS" start="2025-07-09T15:48:59.069435" elapsed="0.000914"/>
</kw>
<arg>3</arg>
<status status="PASS" start="2025-07-09T15:48:59.069187" elapsed="0.001350"/>
</kw>
<status status="PASS" start="2025-07-09T15:48:57.596972" elapsed="1.473625"/>
</kw>
<kw name="Clicar sobre o botao Login">
<kw name="Click Element" owner="SeleniumLibrary">
<msg time="2025-07-09T15:48:59.071398" level="INFO">Clicking element 'xpath://a[@href='/login']'.</msg>
<arg>xpath://a[@href='/login']</arg>
<doc>Click the element identified by ``locator``.</doc>
<status status="PASS" start="2025-07-09T15:48:59.071133" elapsed="0.402834"/>
</kw>
<status status="PASS" start="2025-07-09T15:48:59.070834" elapsed="0.403229"/>
</kw>
<kw name="Digitar email">
<kw name="Input Text" owner="SeleniumLibrary">
<msg time="2025-07-09T15:48:59.474656" level="INFO">Typing text 'teste@gmail.com' into text field 'id:user'.</msg>
<arg>id:user</arg>
<arg>${USUARIO_EMAIL}</arg>
<doc>Types the given ``text`` into the text field identified by ``locator``.</doc>
<status status="PASS" start="2025-07-09T15:48:59.474509" elapsed="0.313260"/>
</kw>
<status status="PASS" start="2025-07-09T15:48:59.474320" elapsed="0.313539"/>
</kw>
<kw name="Digitar senha">
<kw name="Input Text" owner="SeleniumLibrary">
<msg time="2025-07-09T15:48:59.788462" level="INFO">Typing text '123456' into text field 'id:password'.</msg>
<arg>id:password</arg>
<arg>${USUARIO_SENHA}</arg>
<doc>Types the given ``text`` into the text field identified by ``locator``.</doc>
<status status="PASS" start="2025-07-09T15:48:59.788318" elapsed="0.048196"/>
</kw>
<status status="PASS" start="2025-07-09T15:48:59.788130" elapsed="0.048474"/>
</kw>
<kw name="Clicar em logar">
<kw name="Click Element" owner="SeleniumLibrary">
<msg time="2025-07-09T15:48:59.837167" level="INFO">Clicking element 'id:btnLogin'.</msg>
<arg>id:btnLogin</arg>
<doc>Click the element identified by ``locator``.</doc>
<status status="PASS" start="2025-07-09T15:48:59.837044" elapsed="0.051930"/>
</kw>
<status status="PASS" start="2025-07-09T15:48:59.836846" elapsed="0.052222"/>
</kw>
<kw name="Verificar texto de login realizado">
<kw name="Get Text" owner="SeleniumLibrary">
<msg time="2025-07-09T15:48:59.908159" level="INFO">${texto_atual} = Login realizado</msg>
<var>${texto_atual}</var>
<arg>id:swal2-title</arg>
<doc>Returns the text value of the element identified by ``locator``.</doc>
<status status="PASS" start="2025-07-09T15:48:59.889547" elapsed="0.018651"/>
</kw>
<kw name="Should Be Equal As Strings" owner="BuiltIn">
<arg>${texto_atual}</arg>
<arg>Login realizado</arg>
<doc>Fails if objects are unequal after converting them to strings.</doc>
<status status="PASS" start="2025-07-09T15:48:59.908328" elapsed="0.000304"/>
</kw>
<kw name="Esperar elemento">
<kw name="Set Selenium Implicit Wait" owner="SeleniumLibrary">
<arg>${tempo}s</arg>
<doc>Sets the implicit wait value used by Selenium.</doc>
<status status="PASS" start="2025-07-09T15:48:59.909208" elapsed="0.001287"/>
</kw>
<arg>5</arg>
<status status="PASS" start="2025-07-09T15:48:59.908881" elapsed="0.001693"/>
</kw>
<status status="PASS" start="2025-07-09T15:48:59.889339" elapsed="0.021274"/>
</kw>
<tag>Cenario3</tag>
<status status="PASS" start="2025-07-09T15:48:57.596291" elapsed="2.314531"/>
</test>
<status status="PASS" start="2025-07-09T15:48:57.476920" elapsed="2.434957"/>
</suite>
<statistics>
<total>
<stat pass="1" fail="0" skip="0">All Tests</stat>
</total>
<tag>
<stat pass="1" fail="0" skip="0">Cenario3</stat>
</tag>
<suite>
<stat name="Teste2" id="s1" pass="1" fail="0" skip="0">Teste2</stat>
</suite>
</statistics>
<errors>
</errors>
</robot>
